2022/08/02 12:55:33 [notice] 1#1: using the "epoll" event method
2022/08/02 12:55:33 [notice] 1#1: nginx/1.23.1
2022/08/02 12:55:33 [notice] 1#1: built by gcc 10.2.1 20210110 (Debian 10.2.1-6) 
2022/08/02 12:55:33 [notice] 1#1: OS: Linux 5.10.104-linuxkit
2022/08/02 12:55:33 [notice] 1#1: getrlimit(RLIMIT_NOFILE): 1048576:1048576
2022/08/02 12:55:33 [notice] 1#1: start worker processes
2022/08/02 12:55:33 [notice] 1#1: start worker process 22
2022/08/02 12:55:33 [notice] 1#1: start worker process 23
2022/08/02 13:01:46 [notice] 1#1: signal 3 (SIGQUIT) received, shutting down
2022/08/02 13:01:46 [notice] 22#22: gracefully shutting down
2022/08/02 13:01:46 [notice] 22#22: exiting
2022/08/02 13:01:46 [notice] 23#23: gracefully shutting down
2022/08/02 13:01:46 [notice] 22#22: exit
2022/08/02 13:01:46 [notice] 23#23: exiting
2022/08/02 13:01:46 [notice] 23#23: exit
2022/08/02 13:01:46 [notice] 1#1: signal 17 (SIGCHLD) received from 22
2022/08/02 13:01:46 [notice] 1#1: worker process 22 exited with code 0
2022/08/02 13:01:46 [notice] 1#1: signal 29 (SIGIO) received
2022/08/02 13:01:46 [notice] 1#1: signal 17 (SIGCHLD) received from 23
2022/08/02 13:01:46 [notice] 1#1: worker process 23 exited with code 0
2022/08/02 13:01:46 [notice] 1#1: exit
2022/08/02 13:05:24 [notice] 1#1: using the "epoll" event method
2022/08/02 13:05:24 [notice] 1#1: nginx/1.23.1
2022/08/02 13:05:24 [notice] 1#1: built by gcc 10.2.1 20210110 (Debian 10.2.1-6) 
2022/08/02 13:05:24 [notice] 1#1: OS: Linux 5.10.104-linuxkit
2022/08/02 13:05:24 [notice] 1#1: getrlimit(RLIMIT_NOFILE): 1048576:1048576
2022/08/02 13:05:24 [notice] 1#1: start worker processes
2022/08/02 13:05:24 [notice] 1#1: start worker process 22
2022/08/02 13:05:24 [notice] 1#1: start worker process 23
2022/08/02 13:06:57 [notice] 1#1: signal 3 (SIGQUIT) received, shutting down
2022/08/02 13:06:57 [notice] 23#23: gracefully shutting down
2022/08/02 13:06:57 [notice] 22#22: gracefully shutting down
2022/08/02 13:06:57 [notice] 23#23: exiting
2022/08/02 13:06:57 [notice] 22#22: exiting
2022/08/02 13:06:57 [notice] 22#22: exit
2022/08/02 13:06:57 [notice] 23#23: exit
2022/08/02 13:06:57 [notice] 1#1: signal 17 (SIGCHLD) received from 22
2022/08/02 13:06:57 [notice] 1#1: worker process 22 exited with code 0
2022/08/02 13:06:57 [notice] 1#1: signal 17 (SIGCHLD) received from 23
2022/08/02 13:06:57 [notice] 1#1: worker process 23 exited with code 0
2022/08/02 13:06:57 [notice] 1#1: exit
2022/08/02 13:08:42 [notice] 1#1: using the "epoll" event method
2022/08/02 13:08:42 [notice] 1#1: nginx/1.23.1
2022/08/02 13:08:42 [notice] 1#1: built by gcc 10.2.1 20210110 (Debian 10.2.1-6) 
2022/08/02 13:08:42 [notice] 1#1: OS: Linux 5.10.104-linuxkit
2022/08/02 13:08:42 [notice] 1#1: getrlimit(RLIMIT_NOFILE): 1048576:1048576
2022/08/02 13:08:42 [notice] 1#1: start worker processes
2022/08/02 13:08:42 [notice] 1#1: start worker process 22
2022/08/02 13:08:42 [notice] 1#1: start worker process 23
2022/08/02 13:08:55 [error] 23#23: *2 "/var/www/oc.dev/opencart-3.0.3.7/index.php" is not found (2: No such file or directory), client: 172.20.0.1, server: oc.dev, request: "GET / HTTP/1.1", host: "localhost"
2022/08/02 13:08:57 [error] 23#23: *2 "/var/www/oc.dev/opencart-3.0.3.7/index.php" is not found (2: No such file or directory), client: 172.20.0.1, server: oc.dev, request: "GET / HTTP/1.1", host: "localhost"
2022/08/02 13:09:01 [error] 22#22: *3 "/var/www/oc.dev/opencart-3.0.3.7/index.php" is not found (2: No such file or directory), client: 172.20.0.1, server: oc.dev, request: "GET / HTTP/1.1", host: "localhost"
2022/08/02 13:09:01 [error] 22#22: *3 "/var/www/oc.dev/opencart-3.0.3.7/index.php" is not found (2: No such file or directory), client: 172.20.0.1, server: oc.dev, request: "GET / HTTP/1.1", host: "localhost"
2022/08/02 13:09:02 [error] 22#22: *3 "/var/www/oc.dev/opencart-3.0.3.7/index.php" is not found (2: No such file or directory), client: 172.20.0.1, server: oc.dev, request: "GET / HTTP/1.1", host: "localhost"
2022/08/02 13:09:13 [error] 23#23: *6 "/var/www/oc.dev/opencart-3.0.3.7/index.php" is not found (2: No such file or directory), client: 172.20.0.1, server: oc.dev, request: "GET / HTTP/1.1", host: "localhost"
2022/08/02 13:09:49 [notice] 1#1: signal 3 (SIGQUIT) received, shutting down
2022/08/02 13:09:49 [notice] 23#23: gracefully shutting down
2022/08/02 13:09:49 [notice] 22#22: gracefully shutting down
2022/08/02 13:09:49 [notice] 22#22: exiting
2022/08/02 13:09:49 [notice] 23#23: exiting
2022/08/02 13:09:49 [notice] 23#23: exit
2022/08/02 13:09:49 [notice] 22#22: exit
2022/08/02 13:09:50 [notice] 1#1: signal 17 (SIGCHLD) received from 23
2022/08/02 13:09:50 [notice] 1#1: worker process 23 exited with code 0
2022/08/02 13:09:50 [notice] 1#1: worker process 22 exited with code 0
2022/08/02 13:09:50 [notice] 1#1: exit
2022/08/02 13:10:05 [notice] 1#1: using the "epoll" event method
2022/08/02 13:10:05 [notice] 1#1: nginx/1.23.1
2022/08/02 13:10:05 [notice] 1#1: built by gcc 10.2.1 20210110 (Debian 10.2.1-6) 
2022/08/02 13:10:05 [notice] 1#1: OS: Linux 5.10.104-linuxkit
2022/08/02 13:10:05 [notice] 1#1: getrlimit(RLIMIT_NOFILE): 1048576:1048576
2022/08/02 13:10:05 [notice] 1#1: start worker processes
2022/08/02 13:10:05 [notice] 1#1: start worker process 22
2022/08/02 13:10:05 [notice] 1#1: start worker process 23
2022/08/02 13:10:27 [error] 23#23: *2 "/var/www/oc.dev/index.php" is not found (2: No such file or directory), client: 172.20.0.1, server: oc.dev, request: "GET / HTTP/1.1", host: "localhost"
2022/08/02 13:10:30 [error] 23#23: *2 "/var/www/oc.dev/index.php" is not found (2: No such file or directory), client: 172.20.0.1, server: oc.dev, request: "GET / HTTP/1.1", host: "localhost"
2022/08/02 13:10:30 [error] 23#23: *2 "/var/www/oc.dev/index.php" is not found (2: No such file or directory), client: 172.20.0.1, server: oc.dev, request: "GET / HTTP/1.1", host: "localhost"
2022/08/02 13:10:30 [error] 23#23: *2 "/var/www/oc.dev/index.php" is not found (2: No such file or directory), client: 172.20.0.1, server: oc.dev, request: "GET / HTTP/1.1", host: "localhost"
2022/08/02 13:10:30 [error] 23#23: *2 "/var/www/oc.dev/index.php" is not found (2: No such file or directory), client: 172.20.0.1, server: oc.dev, request: "GET / HTTP/1.1", host: "localhost"
2022/08/02 13:10:31 [error] 23#23: *2 "/var/www/oc.dev/index.php" is not found (2: No such file or directory), client: 172.20.0.1, server: oc.dev, request: "GET / HTTP/1.1", host: "localhost"
2022/08/02 13:10:31 [error] 23#23: *2 "/var/www/oc.dev/index.php" is not found (2: No such file or directory), client: 172.20.0.1, server: oc.dev, request: "GET / HTTP/1.1", host: "localhost"
2022/08/02 13:10:31 [error] 23#23: *2 "/var/www/oc.dev/index.php" is not found (2: No such file or directory), client: 172.20.0.1, server: oc.dev, request: "GET / HTTP/1.1", host: "localhost"
2022/08/02 13:10:31 [error] 23#23: *2 "/var/www/oc.dev/index.php" is not found (2: No such file or directory), client: 172.20.0.1, server: oc.dev, request: "GET / HTTP/1.1", host: "localhost"
2022/08/02 13:12:12 [notice] 1#1: signal 3 (SIGQUIT) received, shutting down
2022/08/02 13:12:12 [notice] 22#22: gracefully shutting down
2022/08/02 13:12:12 [notice] 22#22: exiting
2022/08/02 13:12:12 [notice] 23#23: gracefully shutting down
2022/08/02 13:12:12 [notice] 22#22: exit
2022/08/02 13:12:12 [notice] 23#23: exiting
2022/08/02 13:12:12 [notice] 23#23: exit
2022/08/02 13:12:12 [notice] 1#1: signal 17 (SIGCHLD) received from 22
2022/08/02 13:12:12 [notice] 1#1: worker process 22 exited with code 0
2022/08/02 13:12:12 [notice] 1#1: signal 17 (SIGCHLD) received from 23
2022/08/02 13:12:12 [notice] 1#1: worker process 23 exited with code 0
2022/08/02 13:12:12 [notice] 1#1: exit
2022/08/02 13:15:44 [notice] 1#1: using the "epoll" event method
2022/08/02 13:15:44 [notice] 1#1: nginx/1.23.1
2022/08/02 13:15:44 [notice] 1#1: built by gcc 10.2.1 20210110 (Debian 10.2.1-6) 
2022/08/02 13:15:44 [notice] 1#1: OS: Linux 5.10.104-linuxkit
2022/08/02 13:15:44 [notice] 1#1: getrlimit(RLIMIT_NOFILE): 1048576:1048576
2022/08/02 13:15:44 [notice] 1#1: start worker processes
2022/08/02 13:15:44 [notice] 1#1: start worker process 23
2022/08/02 13:15:44 [notice] 1#1: start worker process 24
2022/08/02 13:16:01 [error] 23#23: *1 "/var/www/oc.dev/index.php" is not found (2: No such file or directory), client: 172.20.0.1, server: oc.dev, request: "GET / HTTP/1.1", host: "localhost"
2022/08/02 13:16:10 [error] 23#23: *3 "/var/www/oc.dev/index.php" is not found (2: No such file or directory), client: 172.20.0.1, server: oc.dev, request: "GET / HTTP/1.1", host: "localhost"
2022/08/02 13:16:11 [error] 23#23: *3 "/var/www/oc.dev/index.php" is not found (2: No such file or directory), client: 172.20.0.1, server: oc.dev, request: "GET / HTTP/1.1", host: "localhost"
2022/08/02 13:16:11 [error] 23#23: *3 "/var/www/oc.dev/index.php" is not found (2: No such file or directory), client: 172.20.0.1, server: oc.dev, request: "GET / HTTP/1.1", host: "localhost"
2022/08/02 13:16:11 [error] 23#23: *3 "/var/www/oc.dev/index.php" is not found (2: No such file or directory), client: 172.20.0.1, server: oc.dev, request: "GET / HTTP/1.1", host: "localhost"
2022/08/02 13:16:17 [notice] 1#1: signal 3 (SIGQUIT) received, shutting down
2022/08/02 13:16:17 [notice] 24#24: gracefully shutting down
2022/08/02 13:16:17 [notice] 24#24: exiting
2022/08/02 13:16:17 [notice] 23#23: gracefully shutting down
2022/08/02 13:16:17 [notice] 24#24: exit
2022/08/02 13:16:17 [notice] 1#1: signal 17 (SIGCHLD) received from 24
2022/08/02 13:16:17 [notice] 1#1: worker process 24 exited with code 0
2022/08/02 13:16:17 [notice] 1#1: signal 29 (SIGIO) received
2022/08/02 13:19:38 [notice] 1#1: using the "epoll" event method
2022/08/02 13:19:38 [notice] 1#1: nginx/1.23.1
2022/08/02 13:19:38 [notice] 1#1: built by gcc 10.2.1 20210110 (Debian 10.2.1-6) 
2022/08/02 13:19:38 [notice] 1#1: OS: Linux 5.10.104-linuxkit
2022/08/02 13:19:38 [notice] 1#1: getrlimit(RLIMIT_NOFILE): 1048576:1048576
2022/08/02 13:19:38 [notice] 1#1: start worker processes
2022/08/02 13:19:38 [notice] 1#1: start worker process 22
2022/08/02 13:19:38 [notice] 1#1: start worker process 23
2022/08/02 13:20:26 [error] 23#23: *2 "/var/www/oc.dev/index.php" is not found (2: No such file or directory), client: 172.20.0.1, server: oc.dev, request: "GET / HTTP/1.1", host: "localhost"
2022/08/02 13:20:29 [error] 23#23: *2 "/var/www/oc.dev/index.php" is not found (2: No such file or directory), client: 172.20.0.1, server: oc.dev, request: "GET / HTTP/1.1", host: "localhost"
2022/08/02 13:20:30 [error] 23#23: *2 "/var/www/oc.dev/index.php" is not found (2: No such file or directory), client: 172.20.0.1, server: oc.dev, request: "GET / HTTP/1.1", host: "localhost"
2022/08/02 13:20:30 [error] 23#23: *2 "/var/www/oc.dev/index.php" is not found (2: No such file or directory), client: 172.20.0.1, server: oc.dev, request: "GET / HTTP/1.1", host: "localhost"
2022/08/02 13:20:30 [error] 23#23: *2 "/var/www/oc.dev/index.php" is not found (2: No such file or directory), client: 172.20.0.1, server: oc.dev, request: "GET / HTTP/1.1", host: "localhost"
2022/08/02 13:20:30 [error] 23#23: *2 "/var/www/oc.dev/index.php" is not found (2: No such file or directory), client: 172.20.0.1, server: oc.dev, request: "GET / HTTP/1.1", host: "localhost"
2022/08/02 13:20:30 [error] 23#23: *2 "/var/www/oc.dev/index.php" is not found (2: No such file or directory), client: 172.20.0.1, server: oc.dev, request: "GET / HTTP/1.1", host: "localhost"
2022/08/02 13:20:30 [error] 23#23: *2 "/var/www/oc.dev/index.php" is not found (2: No such file or directory), client: 172.20.0.1, server: oc.dev, request: "GET / HTTP/1.1", host: "localhost"
2022/08/02 13:20:31 [error] 23#23: *2 "/var/www/oc.dev/index.php" is not found (2: No such file or directory), client: 172.20.0.1, server: oc.dev, request: "GET / HTTP/1.1", host: "localhost"
2022/08/02 13:20:31 [error] 23#23: *2 "/var/www/oc.dev/index.php" is not found (2: No such file or directory), client: 172.20.0.1, server: oc.dev, request: "GET / HTTP/1.1", host: "localhost"
2022/08/02 13:20:31 [error] 23#23: *2 "/var/www/oc.dev/index.php" is not found (2: No such file or directory), client: 172.20.0.1, server: oc.dev, request: "GET / HTTP/1.1", host: "localhost"
2022/08/02 13:20:31 [error] 23#23: *2 "/var/www/oc.dev/index.php" is not found (2: No such file or directory), client: 172.20.0.1, server: oc.dev, request: "GET / HTTP/1.1", host: "localhost"
2022/08/02 13:20:32 [error] 23#23: *2 "/var/www/oc.dev/index.php" is not found (2: No such file or directory), client: 172.20.0.1, server: oc.dev, request: "GET / HTTP/1.1", host: "localhost"
2022/08/02 13:21:14 [notice] 1#1: signal 3 (SIGQUIT) received, shutting down
2022/08/02 13:21:14 [notice] 23#23: gracefully shutting down
2022/08/02 13:21:14 [notice] 22#22: gracefully shutting down
2022/08/02 13:21:14 [notice] 23#23: exiting
2022/08/02 13:21:14 [notice] 23#23: exit
2022/08/02 13:21:14 [notice] 1#1: signal 17 (SIGCHLD) received from 23
2022/08/02 13:21:14 [notice] 1#1: worker process 23 exited with code 0
2022/08/02 13:21:14 [notice] 1#1: signal 29 (SIGIO) received
2022/08/02 13:21:48 [notice] 1#1: using the "epoll" event method
2022/08/02 13:21:48 [notice] 1#1: nginx/1.23.1
2022/08/02 13:21:48 [notice] 1#1: built by gcc 10.2.1 20210110 (Debian 10.2.1-6) 
2022/08/02 13:21:48 [notice] 1#1: OS: Linux 5.10.104-linuxkit
2022/08/02 13:21:48 [notice] 1#1: getrlimit(RLIMIT_NOFILE): 1048576:1048576
2022/08/02 13:21:48 [notice] 1#1: start worker processes
2022/08/02 13:21:48 [notice] 1#1: start worker process 22
2022/08/02 13:21:48 [notice] 1#1: start worker process 23
2022/08/02 13:23:48 [notice] 1#1: signal 3 (SIGQUIT) received, shutting down
2022/08/02 13:23:48 [notice] 22#22: gracefully shutting down
2022/08/02 13:23:48 [notice] 22#22: exiting
2022/08/02 13:23:48 [notice] 23#23: gracefully shutting down
2022/08/02 13:23:48 [notice] 23#23: exiting
2022/08/02 13:23:48 [notice] 22#22: exit
2022/08/02 13:23:48 [notice] 23#23: exit
2022/08/02 13:23:48 [notice] 1#1: signal 17 (SIGCHLD) received from 22
2022/08/02 13:23:48 [notice] 1#1: worker process 22 exited with code 0
2022/08/02 13:23:48 [notice] 1#1: signal 29 (SIGIO) received
2022/08/02 13:23:48 [notice] 1#1: signal 17 (SIGCHLD) received from 23
2022/08/02 13:23:48 [notice] 1#1: worker process 23 exited with code 0
2022/08/02 13:23:48 [notice] 1#1: exit
2022/08/02 13:23:58 [notice] 1#1: using the "epoll" event method
2022/08/02 13:23:58 [notice] 1#1: nginx/1.23.1
2022/08/02 13:23:58 [notice] 1#1: built by gcc 10.2.1 20210110 (Debian 10.2.1-6) 
2022/08/02 13:23:58 [notice] 1#1: OS: Linux 5.10.104-linuxkit
2022/08/02 13:23:58 [notice] 1#1: getrlimit(RLIMIT_NOFILE): 1048576:1048576
2022/08/02 13:23:58 [notice] 1#1: start worker processes
2022/08/02 13:23:58 [notice] 1#1: start worker process 21
2022/08/02 13:23:58 [notice] 1#1: start worker process 22
2022/08/02 13:24:36 [notice] 1#1: signal 3 (SIGQUIT) received, shutting down
2022/08/02 13:24:36 [notice] 22#22: gracefully shutting down
2022/08/02 13:24:36 [notice] 22#22: exiting
2022/08/02 13:24:36 [notice] 21#21: gracefully shutting down
2022/08/02 13:24:36 [notice] 21#21: exiting
2022/08/02 13:24:36 [notice] 22#22: exit
2022/08/02 13:24:36 [notice] 21#21: exit
2022/08/02 13:24:36 [notice] 1#1: signal 17 (SIGCHLD) received from 22
2022/08/02 13:24:36 [notice] 1#1: worker process 22 exited with code 0
2022/08/02 13:24:36 [notice] 1#1: signal 29 (SIGIO) received
2022/08/02 13:24:36 [notice] 1#1: signal 17 (SIGCHLD) received from 21
2022/08/02 13:24:36 [notice] 1#1: worker process 21 exited with code 0
2022/08/02 13:24:36 [notice] 1#1: exit
2022/08/02 13:24:45 [notice] 1#1: using the "epoll" event method
2022/08/02 13:24:45 [notice] 1#1: nginx/1.23.1
2022/08/02 13:24:45 [notice] 1#1: built by gcc 10.2.1 20210110 (Debian 10.2.1-6) 
2022/08/02 13:24:45 [notice] 1#1: OS: Linux 5.10.104-linuxkit
2022/08/02 13:24:45 [notice] 1#1: getrlimit(RLIMIT_NOFILE): 1048576:1048576
2022/08/02 13:24:45 [notice] 1#1: start worker processes
2022/08/02 13:24:45 [notice] 1#1: start worker process 23
2022/08/02 13:24:45 [notice] 1#1: start worker process 24
2022/08/02 13:28:17 [notice] 1#1: signal 3 (SIGQUIT) received, shutting down
2022/08/02 13:28:17 [notice] 23#23: gracefully shutting down
2022/08/02 13:28:17 [notice] 24#24: gracefully shutting down
2022/08/02 13:28:17 [notice] 24#24: exiting
2022/08/02 13:28:17 [notice] 23#23: exiting
2022/08/02 13:28:17 [notice] 23#23: exit
2022/08/02 13:28:17 [notice] 24#24: exit
2022/08/02 13:28:17 [notice] 1#1: signal 17 (SIGCHLD) received from 23
2022/08/02 13:28:17 [notice] 1#1: worker process 23 exited with code 0
2022/08/02 13:28:17 [notice] 1#1: signal 29 (SIGIO) received
2022/08/02 13:28:17 [notice] 1#1: signal 17 (SIGCHLD) received from 24
2022/08/02 13:28:17 [notice] 1#1: worker process 24 exited with code 0
2022/08/02 13:28:17 [notice] 1#1: exit
2022/08/02 13:37:36 [notice] 1#1: using the "epoll" event method
2022/08/02 13:37:36 [notice] 1#1: nginx/1.23.1
2022/08/02 13:37:36 [notice] 1#1: built by gcc 10.2.1 20210110 (Debian 10.2.1-6) 
2022/08/02 13:37:36 [notice] 1#1: OS: Linux 5.10.104-linuxkit
2022/08/02 13:37:36 [notice] 1#1: getrlimit(RLIMIT_NOFILE): 1048576:1048576
2022/08/02 13:37:36 [notice] 1#1: start worker processes
2022/08/02 13:37:36 [notice] 1#1: start worker process 23
2022/08/02 13:37:36 [notice] 1#1: start worker process 24
2022/08/02 13:38:30 [notice] 1#1: signal 3 (SIGQUIT) received, shutting down
2022/08/02 13:38:30 [notice] 24#24: gracefully shutting down
2022/08/02 13:38:30 [notice] 24#24: exiting
2022/08/02 13:38:30 [notice] 23#23: gracefully shutting down
2022/08/02 13:38:30 [notice] 23#23: exiting
2022/08/02 13:38:30 [notice] 24#24: exit
2022/08/02 13:38:30 [notice] 23#23: exit
2022/08/02 13:38:30 [notice] 1#1: signal 17 (SIGCHLD) received from 24
2022/08/02 13:38:30 [notice] 1#1: worker process 24 exited with code 0
2022/08/02 13:38:30 [notice] 1#1: worker process 23 exited with code 0
2022/08/02 13:38:30 [notice] 1#1: exit
2022/08/02 13:46:08 [notice] 1#1: using the "epoll" event method
2022/08/02 13:46:08 [notice] 1#1: nginx/1.23.1
2022/08/02 13:46:08 [notice] 1#1: built by gcc 10.2.1 20210110 (Debian 10.2.1-6) 
2022/08/02 13:46:08 [notice] 1#1: OS: Linux 5.10.104-linuxkit
2022/08/02 13:46:08 [notice] 1#1: getrlimit(RLIMIT_NOFILE): 1048576:1048576
2022/08/02 13:46:08 [notice] 1#1: start worker processes
2022/08/02 13:46:08 [notice] 1#1: start worker process 22
2022/08/02 13:46:08 [notice] 1#1: start worker process 23
2022/08/02 13:47:00 [notice] 1#1: signal 3 (SIGQUIT) received, shutting down
2022/08/02 13:47:00 [notice] 23#23: gracefully shutting down
2022/08/02 13:47:00 [notice] 23#23: exiting
2022/08/02 13:47:00 [notice] 22#22: gracefully shutting down
2022/08/02 13:47:00 [notice] 22#22: exiting
2022/08/02 13:47:00 [notice] 23#23: exit
2022/08/02 13:47:00 [notice] 22#22: exit
2022/08/02 13:47:00 [notice] 1#1: signal 17 (SIGCHLD) received from 23
2022/08/02 13:47:00 [notice] 1#1: worker process 23 exited with code 0
2022/08/02 13:47:00 [notice] 1#1: worker process 22 exited with code 0
2022/08/02 13:47:00 [notice] 1#1: exit
2022/08/02 13:47:37 [notice] 1#1: using the "epoll" event method
2022/08/02 13:47:37 [notice] 1#1: nginx/1.23.1
2022/08/02 13:47:37 [notice] 1#1: built by gcc 10.2.1 20210110 (Debian 10.2.1-6) 
2022/08/02 13:47:37 [notice] 1#1: OS: Linux 5.10.104-linuxkit
2022/08/02 13:47:37 [notice] 1#1: getrlimit(RLIMIT_NOFILE): 1048576:1048576
2022/08/02 13:47:37 [notice] 1#1: start worker processes
2022/08/02 13:47:37 [notice] 1#1: start worker process 22
2022/08/02 13:47:37 [notice] 1#1: start worker process 23
2022/08/02 13:49:35 [notice] 1#1: signal 3 (SIGQUIT) received, shutting down
2022/08/02 13:49:35 [notice] 22#22: gracefully shutting down
2022/08/02 13:49:35 [notice] 23#23: gracefully shutting down
2022/08/02 13:49:35 [notice] 23#23: exiting
2022/08/02 13:49:35 [notice] 22#22: exiting
2022/08/02 13:49:35 [notice] 22#22: exit
2022/08/02 13:49:35 [notice] 23#23: exit
2022/08/02 13:49:35 [notice] 1#1: signal 17 (SIGCHLD) received from 22
2022/08/02 13:49:35 [notice] 1#1: worker process 22 exited with code 0
2022/08/02 13:49:35 [notice] 1#1: signal 29 (SIGIO) received
2022/08/02 13:49:35 [notice] 1#1: signal 17 (SIGCHLD) received from 23
2022/08/02 13:49:35 [notice] 1#1: worker process 23 exited with code 0
2022/08/02 13:49:35 [notice] 1#1: exit
2022/08/02 14:02:16 [notice] 1#1: using the "epoll" event method
2022/08/02 14:02:16 [notice] 1#1: nginx/1.23.1
2022/08/02 14:02:16 [notice] 1#1: built by gcc 10.2.1 20210110 (Debian 10.2.1-6) 
2022/08/02 14:02:16 [notice] 1#1: OS: Linux 5.10.104-linuxkit
2022/08/02 14:02:16 [notice] 1#1: getrlimit(RLIMIT_NOFILE): 1048576:1048576
2022/08/02 14:02:16 [notice] 1#1: start worker processes
2022/08/02 14:02:16 [notice] 1#1: start worker process 22
2022/08/02 14:02:16 [notice] 1#1: start worker process 23
2022/08/02 14:10:32 [notice] 1#1: signal 3 (SIGQUIT) received, shutting down
2022/08/02 14:10:32 [notice] 22#22: gracefully shutting down
2022/08/02 14:10:32 [notice] 22#22: exiting
2022/08/02 14:10:32 [notice] 23#23: gracefully shutting down
2022/08/02 14:10:32 [notice] 23#23: exiting
2022/08/02 14:10:32 [notice] 22#22: exit
2022/08/02 14:10:32 [notice] 23#23: exit
2022/08/02 14:10:32 [notice] 1#1: signal 17 (SIGCHLD) received from 22
2022/08/02 14:10:32 [notice] 1#1: worker process 22 exited with code 0
2022/08/02 14:10:32 [notice] 1#1: signal 29 (SIGIO) received
2022/08/02 14:10:32 [notice] 1#1: signal 17 (SIGCHLD) received from 23
2022/08/02 14:10:32 [notice] 1#1: worker process 23 exited with code 0
2022/08/02 14:10:32 [notice] 1#1: exit
2022/08/02 14:10:43 [notice] 1#1: using the "epoll" event method
2022/08/02 14:10:43 [notice] 1#1: nginx/1.23.1
2022/08/02 14:10:43 [notice] 1#1: built by gcc 10.2.1 20210110 (Debian 10.2.1-6) 
2022/08/02 14:10:43 [notice] 1#1: OS: Linux 5.10.104-linuxkit
2022/08/02 14:10:43 [notice] 1#1: getrlimit(RLIMIT_NOFILE): 1048576:1048576
2022/08/02 14:10:43 [notice] 1#1: start worker processes
2022/08/02 14:10:43 [notice] 1#1: start worker process 22
2022/08/02 14:10:43 [notice] 1#1: start worker process 23
2022/08/02 14:10:55 [notice] 1#1: signal 3 (SIGQUIT) received, shutting down
2022/08/02 14:10:55 [notice] 22#22: gracefully shutting down
2022/08/02 14:10:55 [notice] 22#22: exiting
2022/08/02 14:10:55 [notice] 23#23: gracefully shutting down
2022/08/02 14:10:55 [notice] 23#23: exiting
2022/08/02 14:10:55 [notice] 22#22: exit
2022/08/02 14:10:55 [notice] 23#23: exit
2022/08/02 14:10:55 [notice] 1#1: signal 17 (SIGCHLD) received from 22
2022/08/02 14:10:55 [notice] 1#1: worker process 22 exited with code 0
2022/08/02 14:10:55 [notice] 1#1: signal 29 (SIGIO) received
2022/08/02 14:10:55 [notice] 1#1: signal 17 (SIGCHLD) received from 23
2022/08/02 14:10:55 [notice] 1#1: worker process 23 exited with code 0
2022/08/02 14:10:55 [notice] 1#1: exit
2022/08/02 14:37:14 [notice] 1#1: using the "epoll" event method
2022/08/02 14:37:14 [notice] 1#1: nginx/1.23.1
2022/08/02 14:37:14 [notice] 1#1: built by gcc 10.2.1 20210110 (Debian 10.2.1-6) 
2022/08/02 14:37:14 [notice] 1#1: OS: Linux 5.10.104-linuxkit
2022/08/02 14:37:14 [notice] 1#1: getrlimit(RLIMIT_NOFILE): 1048576:1048576
2022/08/02 14:37:14 [notice] 1#1: start worker processes
2022/08/02 14:37:14 [notice] 1#1: start worker process 22
2022/08/02 14:37:14 [notice] 1#1: start worker process 23
2022/08/02 14:45:26 [notice] 1#1: signal 3 (SIGQUIT) received, shutting down
2022/08/02 14:45:26 [notice] 22#22: gracefully shutting down
2022/08/02 14:45:26 [notice] 22#22: exiting
2022/08/02 14:45:26 [notice] 23#23: gracefully shutting down
2022/08/02 14:45:26 [notice] 22#22: exit
2022/08/02 14:45:26 [notice] 23#23: exiting
2022/08/02 14:45:26 [notice] 23#23: exit
2022/08/02 14:45:26 [notice] 1#1: signal 17 (SIGCHLD) received from 22
2022/08/02 14:45:26 [notice] 1#1: worker process 22 exited with code 0
2022/08/02 14:45:26 [notice] 1#1: signal 17 (SIGCHLD) received from 23
2022/08/02 14:45:26 [notice] 1#1: worker process 23 exited with code 0
2022/08/02 14:45:26 [notice] 1#1: exit
2022/08/02 14:45:47 [notice] 1#1: using the "epoll" event method
2022/08/02 14:45:47 [notice] 1#1: nginx/1.23.1
2022/08/02 14:45:47 [notice] 1#1: built by gcc 10.2.1 20210110 (Debian 10.2.1-6) 
2022/08/02 14:45:47 [notice] 1#1: OS: Linux 5.10.104-linuxkit
2022/08/02 14:45:47 [notice] 1#1: getrlimit(RLIMIT_NOFILE): 1048576:1048576
2022/08/02 14:45:47 [notice] 1#1: start worker processes
2022/08/02 14:45:47 [notice] 1#1: start worker process 22
2022/08/02 14:45:47 [notice] 1#1: start worker process 23
2022/08/02 14:47:00 [notice] 1#1: signal 3 (SIGQUIT) received, shutting down
2022/08/02 14:47:00 [notice] 22#22: gracefully shutting down
2022/08/02 14:47:00 [notice] 22#22: exiting
2022/08/02 14:47:00 [notice] 23#23: gracefully shutting down
2022/08/02 14:47:00 [notice] 22#22: exit
2022/08/02 14:47:00 [notice] 23#23: exiting
2022/08/02 14:47:00 [notice] 23#23: exit
2022/08/02 14:47:00 [notice] 1#1: signal 17 (SIGCHLD) received from 22
2022/08/02 14:47:00 [notice] 1#1: worker process 22 exited with code 0
2022/08/02 14:47:00 [notice] 1#1: signal 29 (SIGIO) received
2022/08/02 14:47:00 [notice] 1#1: signal 17 (SIGCHLD) received from 23
2022/08/02 14:47:00 [notice] 1#1: worker process 23 exited with code 0
2022/08/02 14:47:00 [notice] 1#1: exit
2022/08/02 14:47:50 [notice] 1#1: using the "epoll" event method
2022/08/02 14:47:50 [notice] 1#1: nginx/1.23.1
2022/08/02 14:47:50 [notice] 1#1: built by gcc 10.2.1 20210110 (Debian 10.2.1-6) 
2022/08/02 14:47:50 [notice] 1#1: OS: Linux 5.10.104-linuxkit
2022/08/02 14:47:50 [notice] 1#1: getrlimit(RLIMIT_NOFILE): 1048576:1048576
2022/08/02 14:47:50 [notice] 1#1: start worker processes
2022/08/02 14:47:50 [notice] 1#1: start worker process 22
2022/08/02 14:47:50 [notice] 1#1: start worker process 23
2022/08/02 14:50:11 [notice] 1#1: signal 3 (SIGQUIT) received, shutting down
2022/08/02 14:50:11 [notice] 22#22: gracefully shutting down
2022/08/02 14:50:11 [notice] 23#23: gracefully shutting down
2022/08/02 14:50:11 [notice] 22#22: exiting
2022/08/02 14:50:11 [notice] 23#23: exiting
2022/08/02 14:50:11 [notice] 22#22: exit
2022/08/02 14:50:11 [notice] 23#23: exit
2022/08/02 14:50:11 [notice] 1#1: signal 17 (SIGCHLD) received from 23
2022/08/02 14:50:11 [notice] 1#1: worker process 22 exited with code 0
2022/08/02 14:50:11 [notice] 1#1: worker process 23 exited with code 0
2022/08/02 14:50:11 [notice] 1#1: exit
2022/08/02 14:50:32 [notice] 1#1: using the "epoll" event method
2022/08/02 14:50:32 [notice] 1#1: nginx/1.23.1
2022/08/02 14:50:32 [notice] 1#1: built by gcc 10.2.1 20210110 (Debian 10.2.1-6) 
2022/08/02 14:50:32 [notice] 1#1: OS: Linux 5.10.104-linuxkit
2022/08/02 14:50:32 [notice] 1#1: getrlimit(RLIMIT_NOFILE): 1048576:1048576
2022/08/02 14:50:32 [notice] 1#1: start worker processes
2022/08/02 14:50:32 [notice] 1#1: start worker process 22
2022/08/02 14:50:32 [notice] 1#1: start worker process 23
2022/08/02 15:00:03 [notice] 1#1: signal 3 (SIGQUIT) received, shutting down
2022/08/02 15:00:03 [notice] 23#23: gracefully shutting down
2022/08/02 15:00:03 [notice] 23#23: exiting
2022/08/02 15:00:03 [notice] 22#22: gracefully shutting down
2022/08/02 15:00:03 [notice] 22#22: exiting
2022/08/02 15:00:03 [notice] 23#23: exit
2022/08/02 15:00:03 [notice] 22#22: exit
2022/08/02 15:00:03 [notice] 1#1: signal 17 (SIGCHLD) received from 23
2022/08/02 15:00:03 [notice] 1#1: worker process 23 exited with code 0
2022/08/02 15:00:03 [notice] 1#1: signal 29 (SIGIO) received
2022/08/02 15:00:03 [notice] 1#1: signal 17 (SIGCHLD) received from 22
2022/08/02 15:00:03 [notice] 1#1: worker process 22 exited with code 0
2022/08/02 15:00:03 [notice] 1#1: exit
2022/08/04 07:42:48 [notice] 1#1: using the "epoll" event method
2022/08/04 07:42:48 [notice] 1#1: nginx/1.23.1
2022/08/04 07:42:48 [notice] 1#1: built by gcc 10.2.1 20210110 (Debian 10.2.1-6) 
2022/08/04 07:42:48 [notice] 1#1: OS: Linux 5.10.104-linuxkit
2022/08/04 07:42:48 [notice] 1#1: getrlimit(RLIMIT_NOFILE): 1048576:1048576
2022/08/04 07:42:48 [notice] 1#1: start worker processes
2022/08/04 07:42:48 [notice] 1#1: start worker process 22
2022/08/04 07:42:48 [notice] 1#1: start worker process 23
2022/08/04 07:45:53 [notice] 1#1: signal 3 (SIGQUIT) received, shutting down
2022/08/04 07:45:53 [notice] 23#23: gracefully shutting down
2022/08/04 07:45:53 [notice] 22#22: gracefully shutting down
2022/08/04 07:45:53 [notice] 22#22: exiting
2022/08/04 07:45:53 [notice] 23#23: exiting
2022/08/04 07:45:53 [notice] 22#22: exit
2022/08/04 07:45:53 [notice] 23#23: exit
2022/08/04 07:45:53 [notice] 1#1: signal 17 (SIGCHLD) received from 22
2022/08/04 07:45:53 [notice] 1#1: worker process 22 exited with code 0
2022/08/04 07:45:53 [notice] 1#1: signal 29 (SIGIO) received
2022/08/04 07:45:53 [notice] 1#1: signal 17 (SIGCHLD) received from 23
2022/08/04 07:45:53 [notice] 1#1: worker process 23 exited with code 0
2022/08/04 07:45:53 [notice] 1#1: exit
2022/08/04 08:10:55 [notice] 1#1: using the "epoll" event method
2022/08/04 08:10:55 [notice] 1#1: nginx/1.23.1
2022/08/04 08:10:55 [notice] 1#1: built by gcc 10.2.1 20210110 (Debian 10.2.1-6) 
2022/08/04 08:10:55 [notice] 1#1: OS: Linux 5.10.104-linuxkit
2022/08/04 08:10:55 [notice] 1#1: getrlimit(RLIMIT_NOFILE): 1048576:1048576
2022/08/04 08:10:55 [notice] 1#1: start worker processes
2022/08/04 08:10:55 [notice] 1#1: start worker process 22
2022/08/04 08:10:55 [notice] 1#1: start worker process 23
2022/08/04 08:11:50 [notice] 1#1: signal 3 (SIGQUIT) received, shutting down
2022/08/04 08:11:50 [notice] 22#22: gracefully shutting down
2022/08/04 08:11:50 [notice] 23#23: gracefully shutting down
2022/08/04 08:11:50 [notice] 23#23: exiting
2022/08/04 08:11:50 [notice] 22#22: exiting
2022/08/04 08:11:50 [notice] 22#22: exit
2022/08/04 08:11:50 [notice] 23#23: exit
2022/08/04 08:11:50 [notice] 1#1: signal 17 (SIGCHLD) received from 22
2022/08/04 08:11:50 [notice] 1#1: worker process 22 exited with code 0
2022/08/04 08:11:50 [notice] 1#1: signal 29 (SIGIO) received
2022/08/04 08:11:50 [notice] 1#1: signal 17 (SIGCHLD) received from 23
2022/08/04 08:11:50 [notice] 1#1: worker process 23 exited with code 0
2022/08/04 08:11:50 [notice] 1#1: exit
2022/08/04 08:15:47 [notice] 1#1: using the "epoll" event method
2022/08/04 08:15:47 [notice] 1#1: nginx/1.23.1
2022/08/04 08:15:47 [notice] 1#1: built by gcc 10.2.1 20210110 (Debian 10.2.1-6) 
2022/08/04 08:15:47 [notice] 1#1: OS: Linux 5.10.104-linuxkit
2022/08/04 08:15:47 [notice] 1#1: getrlimit(RLIMIT_NOFILE): 1048576:1048576
2022/08/04 08:15:47 [notice] 1#1: start worker processes
2022/08/04 08:15:47 [notice] 1#1: start worker process 22
2022/08/04 08:15:47 [notice] 1#1: start worker process 23
2022/08/04 08:47:47 [error] 22#22: *64 upstream timed out (110: Connection timed out) while reading response header from upstream, client: 172.19.0.1, server: oc.dev, request: "POST /admin/index.php?route=common/security/move&user_token=R7DsjFfNhXlvwlwCiXQwcmvZ2z4vrYGE HTTP/1.1", upstream: "fastcgi://172.19.0.3:9000", host: "localhost", referrer: "http://localhost/admin/index.php?route=common/dashboard&user_token=R7DsjFfNhXlvwlwCiXQwcmvZ2z4vrYGE"
2022/08/05 13:13:40 [notice] 1#1: using the "epoll" event method
2022/08/05 13:13:40 [notice] 1#1: nginx/1.23.1
2022/08/05 13:13:40 [notice] 1#1: built by gcc 10.2.1 20210110 (Debian 10.2.1-6) 
2022/08/05 13:13:40 [notice] 1#1: OS: Linux 5.10.104-linuxkit
2022/08/05 13:13:40 [notice] 1#1: getrlimit(RLIMIT_NOFILE): 1048576:1048576
2022/08/05 13:13:40 [notice] 1#1: start worker processes
2022/08/05 13:13:40 [notice] 1#1: start worker process 22
2022/08/05 13:13:40 [notice] 1#1: start worker process 23
2022/08/08 10:05:39 [notice] 1#1: signal 3 (SIGQUIT) received, shutting down
2022/08/08 10:05:39 [notice] 22#22: gracefully shutting down
2022/08/08 10:05:39 [notice] 22#22: exiting
2022/08/08 10:05:39 [notice] 23#23: gracefully shutting down
2022/08/08 10:05:39 [notice] 22#22: exit
2022/08/08 10:05:39 [notice] 23#23: exiting
2022/08/08 10:05:39 [notice] 23#23: exit
2022/08/08 10:05:39 [notice] 1#1: signal 17 (SIGCHLD) received from 22
2022/08/08 10:05:39 [notice] 1#1: worker process 22 exited with code 0
2022/08/08 10:05:39 [notice] 1#1: signal 29 (SIGIO) received
2022/08/08 10:05:39 [notice] 1#1: signal 17 (SIGCHLD) received from 23
2022/08/08 10:05:39 [notice] 1#1: worker process 23 exited with code 0
2022/08/08 10:05:39 [notice] 1#1: exit
2022/08/11 09:35:51 [notice] 1#1: using the "epoll" event method
2022/08/11 09:35:51 [notice] 1#1: nginx/1.23.1
2022/08/11 09:35:51 [notice] 1#1: built by gcc 10.2.1 20210110 (Debian 10.2.1-6) 
2022/08/11 09:35:51 [notice] 1#1: OS: Linux 5.10.104-linuxkit
2022/08/11 09:35:51 [notice] 1#1: getrlimit(RLIMIT_NOFILE): 1048576:1048576
2022/08/11 09:35:51 [notice] 1#1: start worker processes
2022/08/11 09:35:51 [notice] 1#1: start worker process 22
2022/08/11 09:35:51 [notice] 1#1: start worker process 23
